Using pre-set license
Built from '2021.3/staging' branch; Version is '2021.3.19f1 (c9714fde33b6) revision 13201743'; Using compiler version '192829333'; Build Type 'Release'
OS: 'Windows 11  (10.0.22631) 64bit Core' Language: 'ja' Physical Memory: 16156 MB
BatchMode: 1, IsHumanControllingUs: 0, StartBugReporterOnCrash: 0, Is64bit: 1, IsPro: 1

COMMAND LINE ARGUMENTS:
C:\Users\Yoshi\OneDrive\デスクトップ\Unity 2021.3.19f1\Editor\Unity.exe
-adb2
-batchMode
-noUpm
-name
AssetImportWorker4
-projectPath
C:/Users/Yoshi/OneDrive/デスクトップ/yakyu3D
-logFile
Logs/AssetImportWorker4.log
-srvPort
62053
Successfully changed project path to: C:/Users/Yoshi/OneDrive/デスクトップ/yakyu3D
C:/Users/Yoshi/OneDrive/デスクトップ/yakyu3D
[UnityMemory] Configuration Parameters - Can be set up in boot.config
    "memorysetup-bucket-allocator-granularity=16"
    "memorysetup-bucket-allocator-bucket-count=8"
    "memorysetup-bucket-allocator-block-size=33554432"
    "memorysetup-bucket-allocator-block-count=8"
    "memorysetup-main-allocator-block-size=16777216"
    "memorysetup-thread-allocator-block-size=16777216"
    "memorysetup-gfx-main-allocator-block-size=16777216"
    "memorysetup-gfx-thread-allocator-block-size=16777216"
    "memorysetup-cache-allocator-block-size=4194304"
    "memorysetup-typetree-allocator-block-size=2097152"
    "memorysetup-profiler-bucket-allocator-granularity=16"
    "memorysetup-profiler-bucket-allocator-bucket-count=8"
    "memorysetup-profiler-bucket-allocator-block-size=33554432"
    "memorysetup-profiler-bucket-allocator-block-count=8"
    "memorysetup-profiler-allocator-block-size=16777216"
    "memorysetup-profiler-editor-allocator-block-size=1048576"
    "memorysetup-temp-allocator-size-main=16777216"
    "memorysetup-job-temp-allocator-block-size=2097152"
    "memorysetup-job-temp-allocator-block-size-background=1048576"
    "memorysetup-job-temp-allocator-reduction-small-platforms=262144"
    "memorysetup-temp-allocator-size-background-worker=32768"
    "memorysetup-temp-allocator-size-job-worker=262144"
    "memorysetup-temp-allocator-size-preload-manager=33554432"
    "memorysetup-temp-allocator-size-nav-mesh-worker=65536"
    "memorysetup-temp-allocator-size-audio-worker=65536"
    "memorysetup-temp-allocator-size-cloud-worker=32768"
    "memorysetup-temp-allocator-size-gi-baking-worker=262144"
    "memorysetup-temp-allocator-size-gfx=262144"
Player connection [8616] Host "[IP] 192.168.3.8 [Port] 0 [Flags] 2 [Guid] 1096032906 [EditorId] 1096032906 [Version] 1048832 [Id] WindowsEditor(7,DESKTOP-H1T7G8Q) [Debug] 1 [PackageName] WindowsEditor [ProjectName] Editor" joined multi-casting on [225.0.0.222:54997]...

Player connection [8616] Host "[IP] 192.168.3.8 [Port] 0 [Flags] 2 [Guid] 1096032906 [EditorId] 1096032906 [Version] 1048832 [Id] WindowsEditor(7,DESKTOP-H1T7G8Q) [Debug] 1 [PackageName] WindowsEditor [ProjectName] Editor" joined alternative multi-casting on [225.0.0.222:34997]...

Refreshing native plugins compatible for Editor in 54.10 ms, found 3 plugins.
Preloading 0 native plugins for Editor in 0.00 ms.
Initialize engine version: 2021.3.19f1 (c9714fde33b6)
[Subsystems] Discovering subsystems at path C:/Users/Yoshi/OneDrive/デスクトップ/Unity 2021.3.19f1/Editor/Data/Resources/UnitySubsystems
[Subsystems] Discovering subsystems at path C:/Users/Yoshi/OneDrive/デスクトップ/yakyu3D/Assets
GfxDevice: creating device client; threaded=0; jobified=0
Direct3D:
    Version:  Direct3D 11.0 [level 11.1]
    Renderer: NVIDIA GeForce RTX 3060 (ID=0x2504)
    Vendor:   NVIDIA
    VRAM:     12115 MB
    Driver:   32.0.15.6094
Initialize mono
Mono path[0] = 'C:/Users/Yoshi/OneDrive/デスクトップ/Unity 2021.3.19f1/Editor/Data/Managed'
Mono path[1] = 'C:/Users/Yoshi/OneDrive/デスクトップ/Unity 2021.3.19f1/Editor/Data/MonoBleedingEdge/lib/mono/unityjit-win32'
Mono config path = 'C:/Users/Yoshi/OneDrive/デスクトップ/Unity 2021.3.19f1/Editor/Data/MonoBleedingEdge/etc'
Using monoOptions --debugger-agent=transport=dt_socket,embedding=1,server=y,suspend=n,address=127.0.0.1:56404
Begin MonoManager ReloadAssembly
Registering precompiled unity dll's ...
Register platform support module: C:/Users/Yoshi/OneDrive/デスクトップ/Unity 2021.3.19f1/Editor/Data/PlaybackEngines/WindowsStandaloneSupport/UnityEditor.WindowsStandalone.Extensions.dll
Registered in 0.002929 seconds.
Native extension for WindowsStandalone target not found
Refreshing native plugins compatible for Editor in 44.05 ms, found 3 plugins.
Preloading 0 native plugins for Editor in 0.00 ms.
Mono: successfully reloaded assembly
- Completed reload, in  0.365 seconds
Domain Reload Profiling:
	ReloadAssembly (365ms)
		BeginReloadAssembly (44ms)
			ExecutionOrderSort (0ms)
			DisableScriptedObjects (0ms)
			BackupInstance (0ms)
			ReleaseScriptingObjects (0ms)
			CreateAndSetChildDomain (1ms)
		EndReloadAssembly (254ms)
			LoadAssemblies (43ms)
			RebuildTransferFunctionScriptingTraits (0ms)
			SetupTypeCache (58ms)
			ReleaseScriptCaches (0ms)
			RebuildScriptCaches (15ms)
			SetupLoadedEditorAssemblies (152ms)
				LogAssemblyErrors (0ms)
				InitializePlatformSupportModulesInManaged (5ms)
				SetLoadedEditorAssemblies (0ms)
				RefreshPlugins (44ms)
				BeforeProcessingInitializeOnLoad (1ms)
				ProcessInitializeOnLoadAttributes (74ms)
				ProcessInitializeOnLoadMethodAttributes (28ms)
				AfterProcessingInitializeOnLoad (0ms)
				EditorAssembliesLoaded (0ms)
			ExecutionOrderSort2 (0ms)
			AwakeInstancesAfterBackupRestoration (0ms)
Platform modules already initialized, skipping
Registering precompiled user dll's ...
Registered in 0.002641 seconds.
Begin MonoManager ReloadAssembly
Symbol file LoadedFromMemory doesn't match image C:\Users\Yoshi\OneDrive\デスクトップ\yakyu3D\Library\PackageCache\com.unity.visualscripting@1.8.0\Editor\VisualScripting.Core\Dependencies\YamlDotNet\Unity.VisualScripting.YamlDotNet.dll
Symbol file LoadedFromMemory doesn't match image C:\Users\Yoshi\OneDrive\デスクトップ\yakyu3D\Library\PackageCache\com.unity.visualscripting@1.8.0\Editor\VisualScripting.Core\Dependencies\DotNetZip\Unity.VisualScripting.IonicZip.dll
Native extension for WindowsStandalone target not found
Refreshing native plugins compatible for Editor in 0.32 ms, found 3 plugins.
Preloading 0 native plugins for Editor in 0.00 ms.
Mono: successfully reloaded assembly
- Completed reload, in  0.582 seconds
Domain Reload Profiling:
	ReloadAssembly (582ms)
		BeginReloadAssembly (63ms)
			ExecutionOrderSort (0ms)
			DisableScriptedObjects (3ms)
			BackupInstance (0ms)
			ReleaseScriptingObjects (0ms)
			CreateAndSetChildDomain (11ms)
		EndReloadAssembly (440ms)
			LoadAssemblies (47ms)
			RebuildTransferFunctionScriptingTraits (0ms)
			SetupTypeCache (147ms)
			ReleaseScriptCaches (0ms)
			RebuildScriptCaches (27ms)
			SetupLoadedEditorAssemblies (195ms)
				LogAssemblyErrors (0ms)
				InitializePlatformSupportModulesInManaged (3ms)
				SetLoadedEditorAssemblies (0ms)
				RefreshPlugins (0ms)
				BeforeProcessingInitializeOnLoad (44ms)
				ProcessInitializeOnLoadAttributes (131ms)
				ProcessInitializeOnLoadMethodAttributes (11ms)
				AfterProcessingInitializeOnLoad (4ms)
				EditorAssembliesLoaded (0ms)
			ExecutionOrderSort2 (0ms)
			AwakeInstancesAfterBackupRestoration (4ms)
Platform modules already initialized, skipping
========================================================================
Worker process is ready to serve import requests
Shader 'SimpleURPToonLitExample(With Outline)': fallback shader 'Hidden/Universal Render Pipeline/FallbackError' not found
Shader 'SimpleURPToonLitExample(With Outline)': fallback shader 'Hidden/Universal Render Pipeline/FallbackError' not found
Launched and connected shader compiler UnityShaderCompiler.exe after 0.03 seconds
Refreshing native plugins compatible for Editor in 0.55 ms, found 3 plugins.
Preloading 0 native plugins for Editor in 0.00 ms.
Unloading 3095 Unused Serialized files (Serialized files now loaded: 0)
Unloading 23 unused Assets / (150.2 KB). Loaded Objects now: 3566.
Memory consumption went from 183.7 MB to 183.6 MB.
Total: 2.542700 ms (FindLiveObjects: 0.142100 ms CreateObjectMapping: 0.095800 ms MarkObjects: 2.226500 ms  DeleteObjects: 0.077500 ms)

AssetImportParameters requested are different than current active one (requested -> active):
  custom:video-decoder-ogg-theora: a1e56fd34408186e4bbccfd4996cb3dc -> 
  custom:container-muxer-webm: aa71ff27fc2769a1b78a27578f13a17b -> 
  custom:container-demuxer-webm: 4f35f7cbe854078d1ac9338744f61a02 -> 
  custom:video-encoder-webm-vp8: eb34c28f22e8b96e1ab97ce403110664 -> 
  custom:audio-encoder-webm-vorbis: bf7c407c2cedff20999df2af8eb42d56 -> 
  custom:framework-win-MediaFoundation: 216162199b28c13a410421893ffa2e32 -> 
  custom:container-demuxer-ogg: 62fdf1f143b41e24485cea50d1cbac27 -> 
  custom:video-decoder-webm-vp8: 9c59270c3fd7afecdb556c50c9e8de78 -> 
  custom:audio-decoder-ogg-vorbis: bf7c407c2cedff20999df2af8eb42d56 -> 
========================================================================
Received Import Request.
  Time since last request: 1218149.926891 seconds.
  path: Assets/SimplePoly - Town Pack/Prefabs/Props
  artifactKey: Guid(bc87320f58167c849876678434a40da3) Importer(815301076,1909f56bfc062723c751e8b465ee728b)
Start importing Assets/SimplePoly - Town Pack/Prefabs/Props using Guid(bc87320f58167c849876678434a40da3) Importer(815301076,1909f56bfc062723c751e8b465ee728b)  -> (artifact id: '0184c3f30821a78db03dbfae4123d621') in 0.006695 seconds 
========================================================================
Received Import Request.
  Time since last request: 0.077518 seconds.
  path: Assets/SimplePoly - Town Pack/Prefabs/Props/sptp_air_conditioning_01.prefab
  artifactKey: Guid(84cd3f7c8273a1a459bc62834ebb2837) Importer(815301076,1909f56bfc062723c751e8b465ee728b)
Start importing Assets/SimplePoly - Town Pack/Prefabs/Props/sptp_air_conditioning_01.prefab using Guid(84cd3f7c8273a1a459bc62834ebb2837) Importer(815301076,1909f56bfc062723c751e8b465ee728b)  -> (artifact id: '549fbbd2395047d5211865c268cb5274') in 0.113376 seconds 
========================================================================
Received Import Request.
  Time since last request: 0.000023 seconds.
  path: Assets/SimplePoly - Town Pack/Prefabs/Props/sptp_traffic_light_01.prefab
  artifactKey: Guid(7f9ea44d759da6b4e995d9fa92373629) Importer(815301076,1909f56bfc062723c751e8b465ee728b)
Start importing Assets/SimplePoly - Town Pack/Prefabs/Props/sptp_traffic_light_01.prefab using Guid(7f9ea44d759da6b4e995d9fa92373629) Importer(815301076,1909f56bfc062723c751e8b465ee728b)  -> (artifact id: '44c00ddb4d7c8b2a5eddbd076712bc13') in 0.035431 seconds 
========================================================================
Received Import Request.
  Time since last request: 0.000026 seconds.
  path: Assets/SimplePoly - Town Pack/Prefabs/Props/sptp_bin_02.prefab
  artifactKey: Guid(70ea0ba299bdf0a49a2af90f19b23cca) Importer(815301076,1909f56bfc062723c751e8b465ee728b)
Start importing Assets/SimplePoly - Town Pack/Prefabs/Props/sptp_bin_02.prefab using Guid(70ea0ba299bdf0a49a2af90f19b23cca) Importer(815301076,1909f56bfc062723c751e8b465ee728b)  -> (artifact id: '87a1e3562bf727692ffe2a2d32486b61') in 0.030855 seconds 
========================================================================
Received Import Request.
  Time since last request: 0.000016 seconds.
  path: Assets/SimplePoly - Town Pack/Prefabs/Props/sptp_billboard_01.prefab
  artifactKey: Guid(2d7ff3605aa9cff4eb8e82f140a295da) Importer(815301076,1909f56bfc062723c751e8b465ee728b)
Start importing Assets/SimplePoly - Town Pack/Prefabs/Props/sptp_billboard_01.prefab using Guid(2d7ff3605aa9cff4eb8e82f140a295da) Importer(815301076,1909f56bfc062723c751e8b465ee728b)  -> (artifact id: '0d1c484e3c5fd364729a5f8ae03446e5') in 0.032038 seconds 
========================================================================
Received Import Request.
  Time since last request: 0.000022 seconds.
  path: Assets/SimplePoly - Town Pack/Prefabs/Props/sptp_bin_01.prefab
  artifactKey: Guid(b3fd8ea55f8bdf9469ab92a17e818bc7) Importer(815301076,1909f56bfc062723c751e8b465ee728b)
Start importing Assets/SimplePoly - Town Pack/Prefabs/Props/sptp_bin_01.prefab using Guid(b3fd8ea55f8bdf9469ab92a17e818bc7) Importer(815301076,1909f56bfc062723c751e8b465ee728b)  -> (artifact id: '1881281b36a58393cf059fa545034629') in 0.040090 seconds 
========================================================================
Received Import Request.
  Time since last request: 0.000016 seconds.
  path: Assets/SimplePoly - Town Pack/Prefabs/Props/sptp_billboard_02.prefab
  artifactKey: Guid(afcb5e8f2ed7ce44ebcb9f16d41ffe1c) Importer(815301076,1909f56bfc062723c751e8b465ee728b)
Start importing Assets/SimplePoly - Town Pack/Prefabs/Props/sptp_billboard_02.prefab using Guid(afcb5e8f2ed7ce44ebcb9f16d41ffe1c) Importer(815301076,1909f56bfc062723c751e8b465ee728b)  -> (artifact id: 'e2abbc33468b821543b0dea2937d0712') in 0.030867 seconds 
========================================================================
Received Import Request.
  Time since last request: 0.000012 seconds.
  path: Assets/SimplePoly - Town Pack/Prefabs/Props/sptp_air_conditioning_03.prefab
  artifactKey: Guid(156fad5b84ed1104d948668aca70b1ff) Importer(815301076,1909f56bfc062723c751e8b465ee728b)
Start importing Assets/SimplePoly - Town Pack/Prefabs/Props/sptp_air_conditioning_03.prefab using Guid(156fad5b84ed1104d948668aca70b1ff) Importer(815301076,1909f56bfc062723c751e8b465ee728b)  -> (artifact id: '93f847487d4abad7e4085c6972252dda') in 0.028240 seconds 
========================================================================
Received Import Request.
  Time since last request: 0.000016 seconds.
  path: Assets/SimplePoly - Town Pack/Prefabs/Props/sptp_street_light_01.prefab
  artifactKey: Guid(2cc5e9c8613078b47b47bdcf3dc32ae2) Importer(815301076,1909f56bfc062723c751e8b465ee728b)
Start importing Assets/SimplePoly - Town Pack/Prefabs/Props/sptp_street_light_01.prefab using Guid(2cc5e9c8613078b47b47bdcf3dc32ae2) Importer(815301076,1909f56bfc062723c751e8b465ee728b)  -> (artifact id: 'bf6952740f7cd5aef57314eeb3112386') in 0.024574 seconds 
========================================================================
Received Import Request.
  Time since last request: 3.709528 seconds.
  path: Assets/SimplePoly - Town Pack/Prefabs/Nature
  artifactKey: Guid(601e02d516a8c3c4892dd1a7bd014bcf) Importer(815301076,1909f56bfc062723c751e8b465ee728b)
Start importing Assets/SimplePoly - Town Pack/Prefabs/Nature using Guid(601e02d516a8c3c4892dd1a7bd014bcf) Importer(815301076,1909f56bfc062723c751e8b465ee728b)  -> (artifact id: 'e0d82afdf213075368ed203b7645a387') in 0.002039 seconds 
========================================================================
Received Import Request.
  Time since last request: 0.406304 seconds.
  path: Assets/SimplePoly - Town Pack/Prefabs/Buildings
  artifactKey: Guid(465c822d0d7834f4bb5c56aab9c9e3dc) Importer(815301076,1909f56bfc062723c751e8b465ee728b)
Start importing Assets/SimplePoly - Town Pack/Prefabs/Buildings using Guid(465c822d0d7834f4bb5c56aab9c9e3dc) Importer(815301076,1909f56bfc062723c751e8b465ee728b)  -> (artifact id: '307530c7197d9eb2246f876fc50e9d07') in 0.003367 seconds 
========================================================================
Received Import Request.
  Time since last request: 109.996419 seconds.
  path: Assets/SimplePoly - Town Pack/Prefabs
  artifactKey: Guid(d2fd26505265afc43bdc547d4820ed8f) Importer(815301076,1909f56bfc062723c751e8b465ee728b)
Start importing Assets/SimplePoly - Town Pack/Prefabs using Guid(d2fd26505265afc43bdc547d4820ed8f) Importer(815301076,1909f56bfc062723c751e8b465ee728b)  -> (artifact id: 'b881836fe6426b617951a82d7b9dcab2') in 0.002991 seconds 
========================================================================
Received Import Request.
  Time since last request: 1.738546 seconds.
  path: Assets/SimplePoly - Town Pack/Prefabs/Nature/sptp_bush_01.prefab
  artifactKey: Guid(cdc1936d58ab24443b5deb240dc3acfd) Importer(815301076,1909f56bfc062723c751e8b465ee728b)
Start importing Assets/SimplePoly - Town Pack/Prefabs/Nature/sptp_bush_01.prefab using Guid(cdc1936d58ab24443b5deb240dc3acfd) Importer(815301076,1909f56bfc062723c751e8b465ee728b)  -> (artifact id: '43bb98fbf7da065d3f70b620bba51213') in 0.034724 seconds 
========================================================================
Received Import Request.
  Time since last request: 0.000017 seconds.
  path: Assets/SimplePoly - Town Pack/Prefabs/Nature/sptp_stone_02.prefab
  artifactKey: Guid(a31d75f154921304794bf1d122281cac) Importer(815301076,1909f56bfc062723c751e8b465ee728b)
Start importing Assets/SimplePoly - Town Pack/Prefabs/Nature/sptp_stone_02.prefab using Guid(a31d75f154921304794bf1d122281cac) Importer(815301076,1909f56bfc062723c751e8b465ee728b)  -> (artifact id: '44def65f8e1c2d71c7b55995ec209dbb') in 0.025157 seconds 
========================================================================
Received Import Request.
  Time since last request: 0.000020 seconds.
  path: Assets/SimplePoly - Town Pack/Prefabs/Nature/sptp_tree_02.prefab
  artifactKey: Guid(c0f33eb139fcff34c8de2acd690a23fe) Importer(815301076,1909f56bfc062723c751e8b465ee728b)
Start importing Assets/SimplePoly - Town Pack/Prefabs/Nature/sptp_tree_02.prefab using Guid(c0f33eb139fcff34c8de2acd690a23fe) Importer(815301076,1909f56bfc062723c751e8b465ee728b)  -> (artifact id: '3e34769d35e54416761d114873b8853d') in 0.020379 seconds 
========================================================================
Received Import Request.
  Time since last request: 0.000015 seconds.
  path: Assets/SimplePoly - Town Pack/Prefabs/Nature/sptp_stone_01.prefab
  artifactKey: Guid(bb3c6fcb21a1e4b4faa80734a481448b) Importer(815301076,1909f56bfc062723c751e8b465ee728b)
Start importing Assets/SimplePoly - Town Pack/Prefabs/Nature/sptp_stone_01.prefab using Guid(bb3c6fcb21a1e4b4faa80734a481448b) Importer(815301076,1909f56bfc062723c751e8b465ee728b)  -> (artifact id: '77b4e28dda6eb4109885af3126351928') in 0.017088 seconds 
========================================================================
Received Import Request.
  Time since last request: 2.739107 seconds.
  path: Assets/SimplePoly - Town Pack/Prefabs/Buildings/sptp_building_01.prefab
  artifactKey: Guid(85c5ecd5a01f542499944cbfe9dd1cf8) Importer(815301076,1909f56bfc062723c751e8b465ee728b)
Start importing Assets/SimplePoly - Town Pack/Prefabs/Buildings/sptp_building_01.prefab using Guid(85c5ecd5a01f542499944cbfe9dd1cf8) Importer(815301076,1909f56bfc062723c751e8b465ee728b)  -> (artifact id: '201de2c6ebdc887bc8ca6ded5fdb8cc0') in 0.023623 seconds 
========================================================================
Received Import Request.
  Time since last request: 0.013152 seconds.
  path: Assets/SimplePoly - Town Pack/Prefabs/Buildings/sptp_building_05.prefab
  artifactKey: Guid(376c64c4248da1c478df047404ec6663) Importer(815301076,1909f56bfc062723c751e8b465ee728b)
Start importing Assets/SimplePoly - Town Pack/Prefabs/Buildings/sptp_building_05.prefab using Guid(376c64c4248da1c478df047404ec6663) Importer(815301076,1909f56bfc062723c751e8b465ee728b)  -> (artifact id: '945ea1c9f6513ab4f255fda4c514013b') in 0.022888 seconds 
========================================================================
Received Import Request.
  Time since last request: 0.000043 seconds.
  path: Assets/SimplePoly - Town Pack/Prefabs/Buildings/sptp_building_20.prefab
  artifactKey: Guid(21d87f071ff58334bafd1d0529a95433) Importer(815301076,1909f56bfc062723c751e8b465ee728b)
Start importing Assets/SimplePoly - Town Pack/Prefabs/Buildings/sptp_building_20.prefab using Guid(21d87f071ff58334bafd1d0529a95433) Importer(815301076,1909f56bfc062723c751e8b465ee728b)  -> (artifact id: 'd589622325afbb35fab61d61d661716f') in 0.023314 seconds 
========================================================================
Received Import Request.
  Time since last request: 0.000021 seconds.
  path: Assets/SimplePoly - Town Pack/Prefabs/Buildings/sptp_building_17.prefab
  artifactKey: Guid(c578b4309ba7d374a81ecb4ead9452b4) Importer(815301076,1909f56bfc062723c751e8b465ee728b)
Start importing Assets/SimplePoly - Town Pack/Prefabs/Buildings/sptp_building_17.prefab using Guid(c578b4309ba7d374a81ecb4ead9452b4) Importer(815301076,1909f56bfc062723c751e8b465ee728b)  -> (artifact id: '4cc7058561f2212a0496f43e694ad92c') in 0.022120 seconds 
========================================================================
Received Import Request.
  Time since last request: 0.000025 seconds.
  path: Assets/SimplePoly - Town Pack/Prefabs/Buildings/sptp_building_09.prefab
  artifactKey: Guid(f7b79bbc99e117943ab5fb1dd6330136) Importer(815301076,1909f56bfc062723c751e8b465ee728b)
Start importing Assets/SimplePoly - Town Pack/Prefabs/Buildings/sptp_building_09.prefab using Guid(f7b79bbc99e117943ab5fb1dd6330136) Importer(815301076,1909f56bfc062723c751e8b465ee728b)  -> (artifact id: '1e2e24ffd00bdc3a7d9157826e396c5f') in 0.022733 seconds 
========================================================================
Received Import Request.
  Time since last request: 0.000013 seconds.
  path: Assets/SimplePoly - Town Pack/Prefabs/Buildings/sptp_building_18.prefab
  artifactKey: Guid(a03a9df0edb623a4095e3b307f481082) Importer(815301076,1909f56bfc062723c751e8b465ee728b)
Start importing Assets/SimplePoly - Town Pack/Prefabs/Buildings/sptp_building_18.prefab using Guid(a03a9df0edb623a4095e3b307f481082) Importer(815301076,1909f56bfc062723c751e8b465ee728b)  -> (artifact id: '56acd8396a3956539800005749194095') in 0.024779 seconds 
========================================================================
Received Import Request.
  Time since last request: 0.000011 seconds.
  path: Assets/SimplePoly - Town Pack/Prefabs/Buildings/sptp_building_15.prefab
  artifactKey: Guid(73121aa02ef2a1b42915f5842503a4fc) Importer(815301076,1909f56bfc062723c751e8b465ee728b)
Start importing Assets/SimplePoly - Town Pack/Prefabs/Buildings/sptp_building_15.prefab using Guid(73121aa02ef2a1b42915f5842503a4fc) Importer(815301076,1909f56bfc062723c751e8b465ee728b)  -> (artifact id: '2b9adc48a26c43164ce5533e9da2f53f') in 0.023806 seconds 
========================================================================
Received Import Request.
  Time since last request: 0.000018 seconds.
  path: Assets/SimplePoly - Town Pack/Prefabs/Buildings/sptp_building_24.prefab
  artifactKey: Guid(d9c2a6cb99ea45945b24d88f8b8e88ff) Importer(815301076,1909f56bfc062723c751e8b465ee728b)
Start importing Assets/SimplePoly - Town Pack/Prefabs/Buildings/sptp_building_24.prefab using Guid(d9c2a6cb99ea45945b24d88f8b8e88ff) Importer(815301076,1909f56bfc062723c751e8b465ee728b)  -> (artifact id: '3f0f303998ee788437c689d621b0cf6a') in 0.022576 seconds 
========================================================================
Received Import Request.
  Time since last request: 0.000013 seconds.
  path: Assets/SimplePoly - Town Pack/Prefabs/Buildings/sptp_building_23.prefab
  artifactKey: Guid(8c61acc35acbd6d489977c81317f86f3) Importer(815301076,1909f56bfc062723c751e8b465ee728b)
Start importing Assets/SimplePoly - Town Pack/Prefabs/Buildings/sptp_building_23.prefab using Guid(8c61acc35acbd6d489977c81317f86f3) Importer(815301076,1909f56bfc062723c751e8b465ee728b)  -> (artifact id: '47a9d8d77caafa210ad06c8b03e2b0dd') in 0.024968 seconds 
========================================================================
Received Import Request.
  Time since last request: 0.000014 seconds.
  path: Assets/SimplePoly - Town Pack/Prefabs/Buildings/sptp_building_19.prefab
  artifactKey: Guid(b31bfd856a422204b9e585c888f2cc4f) Importer(815301076,1909f56bfc062723c751e8b465ee728b)
Start importing Assets/SimplePoly - Town Pack/Prefabs/Buildings/sptp_building_19.prefab using Guid(b31bfd856a422204b9e585c888f2cc4f) Importer(815301076,1909f56bfc062723c751e8b465ee728b)  -> (artifact id: '25e8ec13c1a7655e62e896427bf77624') in 0.024296 seconds 
========================================================================
Received Import Request.
  Time since last request: 0.000014 seconds.
  path: Assets/SimplePoly - Town Pack/Prefabs/Buildings/sptp_building_08.prefab
  artifactKey: Guid(30e2a587c4604ce43802c7a63b6638ed) Importer(815301076,1909f56bfc062723c751e8b465ee728b)
Start importing Assets/SimplePoly - Town Pack/Prefabs/Buildings/sptp_building_08.prefab using Guid(30e2a587c4604ce43802c7a63b6638ed) Importer(815301076,1909f56bfc062723c751e8b465ee728b)  -> (artifact id: '4d4d16e14454bcf82bf76ef253bc76fa') in 0.026098 seconds 
========================================================================
Received Import Request.
  Time since last request: 0.000011 seconds.
  path: Assets/SimplePoly - Town Pack/Prefabs/Buildings/sptp_building_28.prefab
  artifactKey: Guid(09676f1ba84ec5d48912d47723cefe7e) Importer(815301076,1909f56bfc062723c751e8b465ee728b)
Start importing Assets/SimplePoly - Town Pack/Prefabs/Buildings/sptp_building_28.prefab using Guid(09676f1ba84ec5d48912d47723cefe7e) Importer(815301076,1909f56bfc062723c751e8b465ee728b)  -> (artifact id: '868a15b06937b6b44f85d3adab9d01ea') in 0.024234 seconds 
Editor requested this worker to shutdown with reason: Scaling down because of idle timeout
AssetImportWorker is now disconnected from the server
Process exiting
Exiting without the bug reporter. Application will terminate with return code 0